<?xml version="1.0" encoding="UTF-8"?>
<testng-results ignored="0" total="1" passed="1" failed="0" skipped="0">
  <reporter-output>
  </reporter-output>
  <suite started-at="2023-09-19T13:02:52 IST" name="Default suite" finished-at="2023-09-19T13:03:06 IST" duration-ms="13996">
    <groups>
    </groups>
    <test started-at="2023-09-19T13:02:52 IST" name="Default test" finished-at="2023-09-19T13:03:06 IST" duration-ms="13996">
      <class name="krishnaselenium.ExtentReports.ExtentReportsDemo">
        <test-method is-config="true" signature="configreports()[pri:0, instance:krishnaselenium.ExtentReports.ExtentReportsDemo@2e8c1c9b]" started-at="2023-09-19T13:02:52 IST" name="configreports" finished-at="2023-09-19T13:02:53 IST" duration-ms="891" status="PASS">
          <reporter-output>
          </reporter-output>
        </test-method> <!-- configreports -->
        <test-method signature="sampleDemo1()[pri:0, instance:krishnaselenium.ExtentReports.ExtentReportsDemo@2e8c1c9b]" started-at="2023-09-19T13:02:53 IST" name="sampleDemo1" finished-at="2023-09-19T13:03:06 IST" duration-ms="12993" status="PASS">
          <reporter-output>
          </reporter-output>
        </test-method> <!-- sampleDemo1 -->
      </class> <!-- krishnaselenium.ExtentReports.ExtentReportsDemo -->
    </test> <!-- Default test -->
  </suite> <!-- Default suite -->
</testng-results>
