<?xml version="1.0" encoding="UTF-8"?>
<!-- Generated by org.testng.reporters.JUnitXMLReporter -->
<testsuite ignored="0" hostname="LIN66008762" failures="0" tests="5" name="Default test" time="0.224" errors="0" timestamp="2023-09-12T23:21:36 IST">
  <testcase classname="org.test.Testproj3" name="demo3" time="0.026"/>
  <testcase classname="org.test.Testproj3" name="demo4" time="0.003"/>
  <testcase classname="org.test.Testproj3" name="demo4" time="0.004"/>
  <testcase classname="org.test.Testproj3" name="demo4" time="0.004"/>
  <testcase classname="org.test.Testproj3" name="demo5" time="0.004"/>
</testsuite> <!-- Default test -->
