<?xml version="1.0" encoding="UTF-8"?>
<!-- Generated by org.testng.reporters.JUnitXMLReporter -->
<testsuite ignored="0" hostname="LIN66008762" failures="0" tests="2" name="Purchase Order Test" time="28.433" errors="0" timestamp="2023-09-20T15:30:26 IST">
  <testcase classname="krishnaselenium.SeleniumAutomationFramework.StandAloneTest2" name="SubmitOrder" time="6.775"/>
  <testcase classname="krishnaselenium.SeleniumAutomationFramework.StandAloneTest2" name="SubmitOrder" time="6.838"/>
</testsuite> <!-- Purchase Order Test -->
