<?xml version="1.0" encoding="UTF-8"?>
<!-- Generated by org.testng.reporters.JUnitXMLReporter -->
<testsuite ignored="1" hostname="LIN66008762" failures="0" tests="12" name="College Login" time="0.477" errors="0" timestamp="2023-09-13T12:31:32 IST">
  <testcase classname="org.test.Testproj4" name="demo3" time="0.02"/>
  <testcase classname="org.test.Testproj4" name="demo4" time="0.004"/>
  <testcase classname="org.test.Testproj3" name="demo3" time="0.006"/>
  <testcase classname="org.test.Testproj3" name="demo4" time="0.005"/>
  <testcase classname="org.test.Testproj3" name="demo4" time="0.003"/>
  <testcase classname="org.test.Testproj3" name="demo4" time="0.008"/>
  <testcase classname="org.test.Testproj3" name="demo5" time="0.012"/>
  <testcase classname="org.test.Testproj5" name="demo10" time="0.015"/>
  <testcase classname="org.test.Testproj5" name="demo7" time="0.01"/>
  <testcase classname="org.test.Testproj5" name="demo9" time="0.02"/>
  <testcase classname="org.test.Testproj5" name="demo11" time="0.004"/>
  <testcase classname="org.test.Testproj5" name="demo6" time="0.003"/>
  <testcase classname="org.test.Testproj5" name="demo8" time="0.0">
    <ignored/>
  </testcase> <!-- demo8 -->
</testsuite> <!-- College Login -->
