<?xml version="1.0" encoding="UTF-8"?>
<!-- Generated by org.testng.reporters.JUnitXMLReporter -->
<testsuite ignored="4" hostname="LIN66008762" failures="0" tests="7" name="RegressionbyGroups" time="0.258" errors="0" timestamp="2023-09-12T21:19:35 IST">
  <testcase classname="org.test.Testproj1" name="demo" time="0.015"/>
  <testcase classname="org.test.Testproj3" name="demo3" time="0.006"/>
  <testcase classname="org.test.Testproj3" name="demo4" time="0.004"/>
  <testcase classname="org.test.Testproj3" name="demo5" time="0.006"/>
  <testcase classname="org.test.Testproj4" name="demo3" time="0.006"/>
  <testcase classname="org.test.Testproj5" name="demo6" time="0.004"/>
  <testcase classname="org.test.Testproj5" name="demo8" time="0.004"/>
  <testcase classname="org.test.Testproj1" name="demo1" time="0.0">
    <ignored/>
  </testcase> <!-- demo1 -->
  <testcase classname="org.test.Testproj2" name="test2" time="0.0">
    <ignored/>
  </testcase> <!-- test2 -->
  <testcase classname="org.test.Testproj4" name="demo4" time="0.0">
    <ignored/>
  </testcase> <!-- demo4 -->
  <testcase classname="org.test.Testproj5" name="demo7" time="0.0">
    <ignored/>
  </testcase> <!-- demo7 -->
</testsuite> <!-- RegressionbyGroups -->
